<?xml version="1.0" encoding="UTF-8"?>
<!-- Generated by org.testng.reporters.JUnitReportReporter -->
<testsuite hostname="NIKHARPC2" name="Samples.MavenSam.AssertDemo1" tests="1" failures="0" timestamp="3 Dec 2017 05:33:58 GMT" time="5.986" errors="0">
  <testcase name="test1" time="5.986" classname="Samples.MavenSam.AssertDemo1"/>
</testsuite> <!-- Samples.MavenSam.AssertDemo1 -->
