<?xml version="1.0" encoding="UTF-8"?>
<!-- Generated by org.testng.reporters.JUnitReportReporter -->
<testsuite hostname="NIKHARPC2" name="Samples.MavenSam.JenkinTest" tests="2" failures="0" timestamp="3 Dec 2017 05:37:01 GMT" time="26.777" errors="0">
  <testcase name="test1" time="13.586" classname="Samples.MavenSam.JenkinTest"/>
  <testcase name="test1" time="13.191" classname="Samples.MavenSam.JenkinTest"/>
</testsuite> <!-- Samples.MavenSam.JenkinTest -->
