<?xml version="1.0" encoding="UTF-8"?>
<!-- Generated by org.testng.reporters.JUnitReportReporter -->
<testsuite hostname="NIKHARPC2" name="Samples.MavenSam.JenkinTest" tests="1" failures="0" timestamp="3 Dec 2017 04:23:04 GMT" time="13.696" errors="0">
  <testcase name="test1" time="13.696" classname="Samples.MavenSam.JenkinTest"/>
</testsuite> <!-- Samples.MavenSam.JenkinTest -->
